<?xml version="1.0" encoding="UTF-8"?>
<testsuite name="resizer.backend.LowEnergyPathTests" tests="1" skipped="0" failures="0" errors="0" timestamp="2023-03-17T14:30:57" hostname="Andrews-MacBook-Pro.local" time="0.011">
  <properties/>
  <testcase name="lowEnergyNoWrapPath()" classname="resizer.backend.LowEnergyPathTests" time="0.011"/>
  <system-out><![CDATA[energy image (converted from the original luminance image)
100 158 0 71 141 
100 141 14 0 158 
102 71 153 200 0 
57 102 91 100 158 
158 0 158 158 71 
low energy path
2
2
1
0
1
]]></system-out>
  <system-err><![CDATA[]]></system-err>
</testsuite>
